2025/01/26 12:46:20 logger.go:37: [INFO] Connecting to Kafka Cluster with the following details:
2025/01/26 12:46:20 logger.go:37: [INFO]   Bootstrap Servers: pkc-12576z.us-west2.gcp.confluent.cloud:9092
2025/01/26 12:46:20 logger.go:37: [INFO]   SASL Username: S55GEJ2ZEI3UPWCR
2025/01/26 12:46:20 logger.go:37: [INFO]   SASL Mechanism: PLAIN
2025/01/26 12:46:20 logger.go:37: [INFO]   Security Protocol: SASL_SSL
2025/01/26 12:46:20 logger.go:37: [INFO]   Consumer Group ID: navi-ears-cg
2025/01/26 12:46:20 logger.go:37: [INFO]   Offset Reset: earliest
2025/01/26 12:46:20 logger.go:37: [INFO] Kafka consumer created successfully
2025/01/26 12:46:20 main.go:37: Subscribed to Kafka topic: navi-dev-topic
2025/01/26 12:46:20 main.go:66: Error consuming message: FindCoordinator response error: Group authorization failed.
2025/01/26 12:46:50 main.go:53: Shutdown timeout reached. Forcefully shutting down...
2025/01/26 12:46:50 main.go:57: Consumer shutdown completed.
2025/01/26 12:55:25 logger.go:37: [INFO] Connecting to Kafka Cluster with the following details:
2025/01/26 12:55:25 logger.go:37: [INFO]   Bootstrap Servers: pkc-12576z.us-west2.gcp.confluent.cloud:9092
2025/01/26 12:55:25 logger.go:37: [INFO]   SASL Username: S55GEJ2ZEI3UPWCR
2025/01/26 12:55:25 logger.go:37: [INFO]   SASL Mechanism: PLAIN
2025/01/26 12:55:25 logger.go:37: [INFO]   Security Protocol: SASL_SSL
2025/01/26 12:55:25 logger.go:37: [INFO]   Consumer Group ID: navi-ears-cg
2025/01/26 12:55:25 logger.go:37: [INFO]   Offset Reset: earliest
2025/01/26 12:55:25 logger.go:37: [INFO] Kafka consumer created successfully
2025/01/26 12:55:25 main.go:37: Subscribed to Kafka topic: navi-dev-topic
2025/01/26 12:55:26 main.go:71: Consumed message: {"topic":"navi-dev-topic","message":"24 dssd User1"}
2025/01/26 12:55:26 main.go:71: Consumed message: {"topic":"navi-dev-topic","message":"24 dssd User1"}
2025/01/26 12:55:26 main.go:71: Consumed message: {"topic":"navi-dev-topic","message":"24 dssd User1"}
2025/01/26 12:55:55 main.go:53: Shutdown timeout reached. Forcefully shutting down...
2025/01/26 12:55:55 main.go:57: Consumer shutdown completed.
2025/01/26 12:57:08 logger.go:37: [INFO] Connecting to Kafka Cluster with the following details:
2025/01/26 12:57:08 logger.go:37: [INFO]   Bootstrap Servers: pkc-12576z.us-west2.gcp.confluent.cloud:9092
2025/01/26 12:57:08 logger.go:37: [INFO]   SASL Username: S55GEJ2ZEI3UPWCR
2025/01/26 12:57:08 logger.go:37: [INFO]   SASL Mechanism: PLAIN
2025/01/26 12:57:08 logger.go:37: [INFO]   Security Protocol: SASL_SSL
2025/01/26 12:57:08 logger.go:37: [INFO]   Consumer Group ID: navi-ears-cg
2025/01/26 12:57:08 logger.go:37: [INFO]   Offset Reset: earliest
2025/01/26 12:57:08 logger.go:37: [INFO] Kafka consumer created successfully
2025/01/26 12:57:08 main.go:37: Subscribed to Kafka topic: navi-dev-topic
2025/01/26 12:57:38 main.go:53: Shutdown timeout reached. Forcefully shutting down...
2025/01/26 12:57:38 main.go:57: Consumer shutdown completed.
2025/01/26 13:00:32 logger.go:37: [INFO] Connecting to Kafka Cluster with the following details:
2025/01/26 13:00:32 logger.go:37: [INFO]   Bootstrap Servers: pkc-12576z.us-west2.gcp.confluent.cloud:9092
2025/01/26 13:00:32 logger.go:37: [INFO]   SASL Username: S55GEJ2ZEI3UPWCR
2025/01/26 13:00:32 logger.go:37: [INFO]   SASL Mechanism: PLAIN
2025/01/26 13:00:32 logger.go:37: [INFO]   Security Protocol: SASL_SSL
2025/01/26 13:00:32 logger.go:37: [INFO]   Consumer Group ID: navi-ears-cg
2025/01/26 13:00:32 logger.go:37: [INFO]   Offset Reset: earliest
2025/01/26 13:00:32 logger.go:37: [INFO] Kafka consumer created successfully
2025/01/26 13:00:32 main.go:37: Subscribed to Kafka topic: navi-dev-topic
2025/01/26 13:01:02 main.go:53: Shutdown timeout reached. Forcefully shutting down...
2025/01/26 13:01:02 main.go:57: Consumer shutdown completed.
2025/01/26 13:01:02 main.go:66: Error consuming message: GroupCoordinator: b1-pkc-12576z.us-west2.gcp.confluent.cloud:9092: Disconnected (after 29894ms in state UP)
2025/01/26 13:01:02 main.go:66: Error consuming message: Operation not allowed on closed client
2025/01/26 13:01:02 main.go:66: Error consuming message: Operation not allowed on closed client
2025/01/26 13:01:02 main.go:66: Error consuming message: Operation not allowed on closed client
2025/01/26 13:01:02 main.go:66: Error consuming message: Operation not allowed on closed client
2025/01/26 13:01:02 main.go:66: Error consuming message: Operation not allowed on closed client
2025/01/26 13:01:02 main.go:66: Error consuming message: Operation not allowed on closed client
2025/01/26 13:01:02 main.go:66: Error consuming message: Operation not allowed on closed client
2025/01/26 13:01:02 main.go:66: Error consuming message: Operation not allowed on closed client
2025/01/26 13:01:02 main.go:66: Error consuming message: Operation not allowed on closed client
2025/01/26 13:01:02 main.go:66: Error consuming message: Operation not allowed on closed client
2025/01/26 13:01:02 main.go:66: Error consuming message: Operation not allowed on closed client
2025/01/26 13:01:02 main.go:66: Error consuming message: Operation not allowed on closed client
2025/01/26 13:01:02 main.go:66: Error consuming message: Operation not allowed on closed client
2025/01/26 13:01:02 main.go:66: Error consuming message: Operation not allowed on closed client
2025/01/26 13:01:02 main.go:66: Error consuming message: Operation not allowed on closed client
2025/01/26 13:01:02 main.go:66: Error consuming message: Operation not allowed on closed client
2025/01/26 13:01:02 main.go:66: Error consuming message: Operation not allowed on closed client
2025/01/26 13:01:02 main.go:66: Error consuming message: Operation not allowed on closed client
2025/01/26 13:01:02 main.go:66: Error consuming message: Operation not allowed on closed client
2025/01/26 13:01:02 main.go:66: Error consuming message: Operation not allowed on closed client
2025/01/26 13:01:02 main.go:66: Error consuming message: Operation not allowed on closed client
2025/01/26 13:01:02 main.go:66: Error consuming message: Operation not allowed on closed client
2025/01/26 13:01:02 main.go:66: Error consuming message: Operation not allowed on closed client
2025/01/26 13:01:02 main.go:66: Error consuming message: Operation not allowed on closed client
2025/01/26 13:01:02 main.go:66: Error consuming message: Operation not allowed on closed client
2025/01/26 13:01:02 main.go:66: Error consuming message: Operation not allowed on closed client
2025/01/26 13:01:02 main.go:66: Error consuming message: Operation not allowed on closed client
2025/01/26 13:01:02 main.go:66: Error consuming message: Operation not allowed on closed client
2025/01/26 13:01:02 main.go:66: Error consuming message: Operation not allowed on closed client
2025/01/26 13:01:02 main.go:66: Error consuming message: Operation not allowed on closed client
2025/01/26 13:01:02 main.go:66: Error consuming message: Operation not allowed on closed client
2025/01/26 13:01:02 main.go:66: Error consuming message: Operation not allowed on closed client
2025/01/26 13:01:02 main.go:66: Error consuming message: Operation not allowed on closed client
2025/01/26 13:01:02 main.go:66: Error consuming message: Operation not allowed on closed client
2025/01/26 13:01:02 main.go:66: Error consuming message: Operation not allowed on closed client
2025/01/26 13:01:02 main.go:66: Error consuming message: Operation not allowed on closed client
2025/01/26 13:01:02 main.go:66: Error consuming message: Operation not allowed on closed client
2025/01/26 13:01:02 main.go:66: Error consuming message: Operation not allowed on closed client
2025/01/26 13:01:02 main.go:66: Error consuming message: Operation not allowed on closed client
2025/01/26 13:01:02 main.go:66: Error consuming message: Operation not allowed on closed client
2025/01/26 13:01:02 main.go:66: Error consuming message: Operation not allowed on closed client
2025/01/26 13:01:02 main.go:66: Error consuming message: Operation not allowed on closed client
2025/01/26 13:01:02 main.go:66: Error consuming message: Operation not allowed on closed client
2025/01/26 13:01:02 main.go:66: Error consuming message: Operation not allowed on closed client
2025/01/26 13:01:02 main.go:66: Error consuming message: Operation not allowed on closed client
2025/01/26 13:01:02 main.go:66: Error consuming message: Operation not allowed on closed client
2025/01/26 13:01:02 main.go:66: Error consuming message: Operation not allowed on closed client
2025/01/26 13:01:02 main.go:66: Error consuming message: Operation not allowed on closed client
2025/01/26 13:01:02 main.go:66: Error consuming message: Operation not allowed on closed client
2025/01/26 13:01:02 main.go:66: Error consuming message: Operation not allowed on closed client
2025/01/26 13:01:02 main.go:66: Error consuming message: Operation not allowed on closed client
2025/01/26 13:01:02 main.go:66: Error consuming message: Operation not allowed on closed client
2025/01/26 13:01:02 main.go:66: Error consuming message: Operation not allowed on closed client
2025/01/26 13:01:02 main.go:66: Error consuming message: Operation not allowed on closed client
2025/01/26 13:01:02 main.go:66: Error consuming message: Operation not allowed on closed client
2025/01/26 13:01:02 main.go:66: Error consuming message: Operation not allowed on closed client
2025/01/26 13:01:02 main.go:66: Error consuming message: Operation not allowed on closed client
2025/01/26 13:01:02 main.go:66: Error consuming message: Operation not allowed on closed client
2025/01/26 13:01:02 main.go:66: Error consuming message: Operation not allowed on closed client
2025/01/26 13:01:02 main.go:66: Error consuming message: Operation not allowed on closed client
2025/01/26 13:01:02 main.go:66: Error consuming message: Operation not allowed on closed client
2025/01/26 13:01:02 main.go:66: Error consuming message: Operation not allowed on closed client
2025/01/26 13:01:02 main.go:66: Error consuming message: Operation not allowed on closed client
2025/01/26 13:01:02 main.go:66: Error consuming message: Operation not allowed on closed client
2025/01/26 13:01:02 main.go:66: Error consuming message: Operation not allowed on closed client
2025/01/26 13:01:02 main.go:66: Error consuming message: Operation not allowed on closed client
2025/01/26 13:01:02 main.go:66: Error consuming message: Operation not allowed on closed client
2025/01/26 13:01:02 main.go:66: Error consuming message: Operation not allowed on closed client
2025/01/26 13:01:02 main.go:66: Error consuming message: Operation not allowed on closed client
2025/01/26 13:01:02 main.go:66: Error consuming message: Operation not allowed on closed client
2025/01/26 13:01:02 main.go:66: Error consuming message: Operation not allowed on closed client
2025/01/26 13:01:02 main.go:66: Error consuming message: Operation not allowed on closed client
2025/01/26 13:01:02 main.go:66: Error consuming message: Operation not allowed on closed client
2025/01/26 13:01:02 main.go:66: Error consuming message: Operation not allowed on closed client
2025/01/26 13:01:02 main.go:66: Error consuming message: Operation not allowed on closed client
2025/01/26 13:01:02 main.go:66: Error consuming message: Operation not allowed on closed client
2025/01/26 13:01:02 main.go:66: Error consuming message: Operation not allowed on closed client
2025/01/26 13:01:02 main.go:66: Error consuming message: Operation not allowed on closed client
2025/01/26 13:01:02 main.go:66: Error consuming message: Operation not allowed on closed client
2025/01/26 13:01:02 main.go:66: Error consuming message: Operation not allowed on closed client
2025/01/26 13:01:02 main.go:66: Error consuming message: Operation not allowed on closed client
2025/01/26 13:01:02 main.go:66: Error consuming message: Operation not allowed on closed client
2025/01/26 13:01:02 main.go:66: Error consuming message: Operation not allowed on closed client
2025/01/26 13:01:02 main.go:66: Error consuming message: Operation not allowed on closed client
2025/01/26 13:01:02 main.go:66: Error consuming message: Operation not allowed on closed client
2025/01/26 13:01:02 main.go:66: Error consuming message: Operation not allowed on closed client
2025/01/26 13:01:02 main.go:66: Error consuming message: Operation not allowed on closed client
2025/01/26 13:01:02 main.go:66: Error consuming message: Operation not allowed on closed client
2025/01/26 13:01:02 main.go:66: Error consuming message: Operation not allowed on closed client
2025/01/26 13:01:02 main.go:66: Error consuming message: Operation not allowed on closed client
2025/01/26 13:01:02 main.go:66: Error consuming message: Operation not allowed on closed client
2025/01/26 13:01:02 main.go:66: Error consuming message: Operation not allowed on closed client
2025/01/26 13:01:02 main.go:66: Error consuming message: Operation not allowed on closed client
2025/01/26 13:01:02 main.go:66: Error consuming message: Operation not allowed on closed client
2025/01/26 13:01:02 main.go:66: Error consuming message: Operation not allowed on closed client
2025/01/26 13:01:02 main.go:66: Error consuming message: Operation not allowed on closed client
2025/01/26 13:01:02 main.go:66: Error consuming message: Operation not allowed on closed client
2025/01/26 13:01:02 main.go:66: Error consuming message: Operation not allowed on closed client
2025/01/26 13:01:02 main.go:66: Error consuming message: Operation not allowed on closed client
2025/01/26 13:01:02 main.go:66: Error consuming message: Operation not allowed on closed client
2025/01/26 13:01:02 main.go:66: Error consuming message: Operation not allowed on closed client
2025/01/26 13:01:02 main.go:66: Error consuming message: Operation not allowed on closed client
2025/01/26 13:01:02 main.go:66: Error consuming message: Operation not allowed on closed client
2025/01/26 13:01:02 main.go:66: Error consuming message: Operation not allowed on closed client
2025/01/26 13:01:02 main.go:66: Error consuming message: Operation not allowed on closed client
2025/01/26 13:01:02 main.go:66: Error consuming message: Operation not allowed on closed client
2025/01/26 13:01:02 main.go:66: Error consuming message: Operation not allowed on closed client
2025/01/26 13:01:02 main.go:66: Error consuming message: Operation not allowed on closed client
2025/01/26 13:01:02 main.go:66: Error consuming message: Operation not allowed on closed client
2025/01/26 13:01:02 main.go:66: Error consuming message: Operation not allowed on closed client
2025/01/26 13:01:02 main.go:66: Error consuming message: Operation not allowed on closed client
2025/01/26 13:01:02 main.go:66: Error consuming message: Operation not allowed on closed client
2025/01/26 13:01:02 main.go:66: Error consuming message: Operation not allowed on closed client
2025/01/26 13:01:02 main.go:66: Error consuming message: Operation not allowed on closed client
2025/01/26 13:01:02 main.go:66: Error consuming message: Operation not allowed on closed client
2025/01/26 13:01:02 main.go:66: Error consuming message: Operation not allowed on closed client
2025/01/26 13:01:02 main.go:66: Error consuming message: Operation not allowed on closed client
2025/01/26 13:01:02 main.go:66: Error consuming message: Operation not allowed on closed client
2025/01/26 13:01:02 main.go:66: Error consuming message: Operation not allowed on closed client
2025/01/26 13:01:02 main.go:66: Error consuming message: Operation not allowed on closed client
2025/01/26 13:01:02 main.go:66: Error consuming message: Operation not allowed on closed client
2025/01/26 13:01:02 main.go:66: Error consuming message: Operation not allowed on closed client
2025/01/26 13:01:02 main.go:66: Error consuming message: Operation not allowed on closed client
2025/01/26 13:01:02 main.go:66: Error consuming message: Operation not allowed on closed client
2025/01/26 13:01:02 main.go:66: Error consuming message: Operation not allowed on closed client
2025/01/26 13:01:02 main.go:66: Error consuming message: Operation not allowed on closed client
2025/01/26 13:01:02 main.go:66: Error consuming message: Operation not allowed on closed client
2025/01/26 13:01:02 main.go:66: Error consuming message: Operation not allowed on closed client
2025/01/26 13:01:02 main.go:66: Error consuming message: Operation not allowed on closed client
2025/01/26 13:01:02 main.go:66: Error consuming message: Operation not allowed on closed client
2025/01/26 13:01:02 main.go:66: Error consuming message: Operation not allowed on closed client
2025/01/26 13:01:02 main.go:66: Error consuming message: Operation not allowed on closed client
2025/01/26 13:01:02 main.go:66: Error consuming message: Operation not allowed on closed client
2025/01/26 13:01:02 main.go:66: Error consuming message: Operation not allowed on closed client
2025/01/26 13:01:02 main.go:66: Error consuming message: Operation not allowed on closed client
2025/01/26 13:01:02 main.go:66: Error consuming message: Operation not allowed on closed client
2025/01/26 13:01:02 main.go:66: Error consuming message: Operation not allowed on closed client
2025/01/26 13:01:02 main.go:66: Error consuming message: Operation not allowed on closed client
2025/01/26 13:01:02 main.go:66: Error consuming message: Operation not allowed on closed client
2025/01/26 13:01:02 main.go:66: Error consuming message: Operation not allowed on closed client
2025/01/26 13:01:02 main.go:66: Error consuming message: Operation not allowed on closed client
2025/01/26 13:01:02 main.go:66: Error consuming message: Operation not allowed on closed client
2025/01/26 13:01:02 main.go:66: Error consuming message: Operation not allowed on closed client
2025/01/26 13:01:02 main.go:66: Error consuming message: Operation not allowed on closed client
2025/01/26 13:01:02 main.go:66: Error consuming message: Operation not allowed on closed client
2025/01/26 13:01:02 main.go:66: Error consuming message: Operation not allowed on closed client
2025/01/26 13:01:02 main.go:66: Error consuming message: Operation not allowed on closed client
2025/01/26 13:01:02 main.go:66: Error consuming message: Operation not allowed on closed client
2025/01/26 13:01:02 main.go:66: Error consuming message: Operation not allowed on closed client
2025/01/26 13:01:02 main.go:66: Error consuming message: Operation not allowed on closed client
2025/01/26 13:01:02 main.go:66: Error consuming message: Operation not allowed on closed client
2025/01/26 13:01:02 main.go:66: Error consuming message: Operation not allowed on closed client
2025/01/26 13:01:02 main.go:66: Error consuming message: Operation not allowed on closed client
2025/01/26 13:01:02 main.go:66: Error consuming message: Operation not allowed on closed client
2025/01/26 13:01:02 main.go:66: Error consuming message: Operation not allowed on closed client
2025/01/26 13:01:02 main.go:66: Error consuming message: Operation not allowed on closed client
2025/01/26 13:01:02 main.go:66: Error consuming message: Operation not allowed on closed client
2025/01/26 13:01:02 main.go:66: Error consuming message: Operation not allowed on closed client
2025/01/26 13:01:02 main.go:66: Error consuming message: Operation not allowed on closed client
2025/01/26 13:01:02 main.go:66: Error consuming message: Operation not allowed on closed client
2025/01/26 13:01:02 main.go:66: Error consuming message: Operation not allowed on closed client
2025/01/26 13:01:02 main.go:66: Error consuming message: Operation not allowed on closed client
2025/01/26 13:01:02 main.go:66: Error consuming message: Operation not allowed on closed client
2025/01/26 13:01:02 main.go:66: Error consuming message: Operation not allowed on closed client
2025/01/26 13:01:02 main.go:66: Error consuming message: Operation not allowed on closed client
2025/01/26 13:01:02 main.go:66: Error consuming message: Operation not allowed on closed client
2025/01/26 13:01:02 main.go:66: Error consuming message: Operation not allowed on closed client
2025/01/26 13:01:02 main.go:66: Error consuming message: Operation not allowed on closed client
2025/01/26 13:01:02 main.go:66: Error consuming message: Operation not allowed on closed client
2025/01/26 13:01:02 main.go:66: Error consuming message: Operation not allowed on closed client
2025/01/26 13:01:02 main.go:66: Error consuming message: Operation not allowed on closed client
2025/01/26 13:01:02 main.go:66: Error consuming message: Operation not allowed on closed client
2025/01/26 13:01:02 main.go:66: Error consuming message: Operation not allowed on closed client
2025/01/26 13:01:02 main.go:66: Error consuming message: Operation not allowed on closed client
2025/01/26 13:01:02 main.go:66: Error consuming message: Operation not allowed on closed client
2025/01/26 13:01:02 main.go:66: Error consuming message: Operation not allowed on closed client
2025/01/26 13:01:02 main.go:66: Error consuming message: Operation not allowed on closed client
2025/01/26 13:01:02 main.go:66: Error consuming message: Operation not allowed on closed client
2025/01/26 13:01:02 main.go:66: Error consuming message: Operation not allowed on closed client
2025/01/26 13:01:02 main.go:66: Error consuming message: Operation not allowed on closed client
2025/01/26 13:01:02 main.go:66: Error consuming message: Operation not allowed on closed client
2025/01/26 13:01:02 main.go:66: Error consuming message: Operation not allowed on closed client
2025/01/26 13:01:02 main.go:66: Error consuming message: Operation not allowed on closed client
2025/01/26 13:01:02 main.go:66: Error consuming message: Operation not allowed on closed client
2025/01/26 13:01:02 main.go:66: Error consuming message: Operation not allowed on closed client
2025/01/26 13:01:02 main.go:66: Error consuming message: Operation not allowed on closed client
2025/01/26 13:01:02 main.go:66: Error consuming message: Operation not allowed on closed client
2025/01/26 13:01:02 main.go:66: Error consuming message: Operation not allowed on closed client
2025/01/26 13:01:02 main.go:66: Error consuming message: Operation not allowed on closed client
2025/01/26 13:01:02 main.go:66: Error consuming message: Operation not allowed on closed client
2025/01/26 13:01:02 main.go:66: Error consuming message: Operation not allowed on closed client
2025/01/26 13:01:02 main.go:66: Error consuming message: Operation not allowed on closed client
2025/01/26 13:01:02 main.go:66: Error consuming message: Operation not allowed on closed client
2025/01/26 13:01:02 main.go:66: Error consuming message: Operation not allowed on closed client
2025/01/26 13:01:02 main.go:66: Error consuming message: Operation not allowed on closed client
2025/01/26 13:01:02 main.go:66: Error consuming message: Operation not allowed on closed client
2025/01/26 13:01:02 main.go:66: Error consuming message: Operation not allowed on closed client
2025/01/26 13:01:02 main.go:66: Error consuming message: Operation not allowed on closed client
2025/01/26 13:01:02 main.go:66: Error consuming message: Operation not allowed on closed client
2025/01/26 13:01:02 main.go:66: Error consuming message: Operation not allowed on closed client
2025/01/26 13:01:02 main.go:66: Error consuming message: Operation not allowed on closed client
2025/01/26 13:01:02 main.go:66: Error consuming message: Operation not allowed on closed client
2025/01/26 13:01:02 main.go:66: Error consuming message: Operation not allowed on closed client
2025/01/26 13:01:02 main.go:66: Error consuming message: Operation not allowed on closed client
2025/01/26 13:01:02 main.go:66: Error consuming message: Operation not allowed on closed client
2025/01/26 13:01:02 main.go:66: Error consuming message: Operation not allowed on closed client
2025/01/26 13:01:02 main.go:66: Error consuming message: Operation not allowed on closed client
2025/01/26 13:01:02 main.go:66: Error consuming message: Operation not allowed on closed client
2025/01/26 13:01:02 main.go:66: Error consuming message: Operation not allowed on closed client
2025/01/26 13:01:02 main.go:66: Error consuming message: Operation not allowed on closed client
2025/01/26 13:01:02 main.go:66: Error consuming message: Operation not allowed on closed client
2025/01/26 13:01:02 main.go:66: Error consuming message: Operation not allowed on closed client
2025/01/26 13:01:02 main.go:66: Error consuming message: Operation not allowed on closed client
2025/01/26 13:01:02 main.go:66: Error consuming message: Operation not allowed on closed client
2025/01/26 13:01:02 main.go:66: Error consuming message: Operation not allowed on closed client
2025/01/26 13:01:02 main.go:66: Error consuming message: Operation not allowed on closed client
2025/01/26 13:01:02 main.go:66: Error consuming message: Operation not allowed on closed client
2025/01/26 13:01:02 main.go:66: Error consuming message: Operation not allowed on closed client
2025/01/26 13:01:02 main.go:66: Error consuming message: Operation not allowed on closed client
2025/01/26 13:01:02 main.go:66: Error consuming message: Operation not allowed on closed client
2025/01/26 13:01:02 main.go:66: Error consuming message: Operation not allowed on closed client
2025/01/26 13:01:02 main.go:66: Error consuming message: Operation not allowed on closed client
2025/01/26 13:01:02 main.go:66: Error consuming message: Operation not allowed on closed client
2025/01/26 13:01:02 main.go:66: Error consuming message: Operation not allowed on closed client
2025/01/26 13:01:02 main.go:66: Error consuming message: Operation not allowed on closed client
2025/01/26 13:01:02 main.go:66: Error consuming message: Operation not allowed on closed client
2025/01/26 13:01:02 main.go:66: Error consuming message: Operation not allowed on closed client
2025/01/26 13:01:02 main.go:66: Error consuming message: Operation not allowed on closed client
2025/01/26 13:01:02 main.go:66: Error consuming message: Operation not allowed on closed client
2025/01/26 13:01:02 main.go:66: Error consuming message: Operation not allowed on closed client
2025/01/26 13:01:02 main.go:66: Error consuming message: Operation not allowed on closed client
2025/01/26 13:01:02 main.go:66: Error consuming message: Operation not allowed on closed client
2025/01/26 13:01:02 main.go:66: Error consuming message: Operation not allowed on closed client
2025/01/26 13:01:02 main.go:66: Error consuming message: Operation not allowed on closed client
2025/01/26 13:01:02 main.go:66: Error consuming message: Operation not allowed on closed client
2025/01/26 13:01:02 main.go:66: Error consuming message: Operation not allowed on closed client
2025/01/26 13:01:02 main.go:66: Error consuming message: Operation not allowed on closed client
2025/01/26 13:01:02 main.go:66: Error consuming message: Operation not allowed on closed client
2025/01/26 13:01:02 main.go:66: Error consuming message: Operation not allowed on closed client
2025/01/26 13:01:02 main.go:66: Error consuming message: Operation not allowed on closed client
2025/01/26 13:01:02 main.go:66: Error consuming message: Operation not allowed on closed client
2025/01/26 13:01:02 main.go:66: Error consuming message: Operation not allowed on closed client
2025/01/26 13:01:02 main.go:66: Error consuming message: Operation not allowed on closed client
2025/01/26 13:01:02 main.go:66: Error consuming message: Operation not allowed on closed client
2025/01/26 13:01:02 main.go:66: Error consuming message: Operation not allowed on closed client
2025/01/26 13:01:02 main.go:66: Error consuming message: Operation not allowed on closed client
2025/01/26 13:01:02 main.go:66: Error consuming message: Operation not allowed on closed client
2025/01/26 13:01:02 main.go:66: Error consuming message: Operation not allowed on closed client
2025/01/26 13:01:02 main.go:66: Error consuming message: Operation not allowed on closed client
2025/01/26 13:01:02 main.go:66: Error consuming message: Operation not allowed on closed client
2025/01/26 13:01:02 main.go:66: Error consuming message: Operation not allowed on closed client
2025/01/26 13:01:02 main.go:66: Error consuming message: Operation not allowed on closed client
2025/01/26 13:01:02 main.go:66: Error consuming message: Operation not allowed on closed client
2025/01/26 13:01:02 main.go:66: Error consuming message: Operation not allowed on closed client
2025/01/26 13:01:02 main.go:66: Error consuming message: Operation not allowed on closed client
2025/01/26 13:01:02 main.go:66: Error consuming message: Operation not allowed on closed client
2025/01/26 13:01:02 main.go:66: Error consuming message: Operation not allowed on closed client
2025/01/26 13:01:02 main.go:66: Error consuming message: Operation not allowed on closed client
2025/01/26 13:01:02 main.go:66: Error consuming message: Operation not allowed on closed client
2025/01/26 13:01:02 main.go:66: Error consuming message: Operation not allowed on closed client
2025/01/26 13:01:02 main.go:66: Error consuming message: Operation not allowed on closed client
2025/01/26 13:01:02 main.go:66: Error consuming message: Operation not allowed on closed client
2025/01/26 13:01:02 main.go:66: Error consuming message: Operation not allowed on closed client
2025/01/26 13:01:02 main.go:66: Error consuming message: Operation not allowed on closed client
2025/01/26 13:01:02 main.go:66: Error consuming message: Operation not allowed on closed client
2025/01/26 13:01:02 main.go:66: Error consuming message: Operation not allowed on closed client
2025/01/26 13:01:02 main.go:66: Error consuming message: Operation not allowed on closed client
2025/01/26 13:01:02 main.go:66: Error consuming message: Operation not allowed on closed client
2025/01/26 13:01:02 main.go:66: Error consuming message: Operation not allowed on closed client
2025/01/26 13:01:02 main.go:66: Error consuming message: Operation not allowed on closed client
2025/01/26 13:01:02 main.go:66: Error consuming message: Operation not allowed on closed client
2025/01/26 13:01:02 main.go:66: Error consuming message: Operation not allowed on closed client
2025/01/26 13:01:02 main.go:66: Error consuming message: Operation not allowed on closed client
2025/01/26 13:01:02 main.go:66: Error consuming message: Operation not allowed on closed client
2025/01/26 13:01:02 main.go:66: Error consuming message: Operation not allowed on closed client
2025/01/26 13:01:02 main.go:66: Error consuming message: Operation not allowed on closed client
2025/01/26 13:01:02 main.go:66: Error consuming message: Operation not allowed on closed client
2025/01/26 13:01:02 main.go:66: Error consuming message: Operation not allowed on closed client
2025/01/26 13:01:02 main.go:66: Error consuming message: Operation not allowed on closed client
2025/01/26 13:01:02 main.go:66: Error consuming message: Operation not allowed on closed client
2025/01/26 13:01:02 main.go:66: Error consuming message: Operation not allowed on closed client
2025/01/26 13:01:02 main.go:66: Error consuming message: Operation not allowed on closed client
2025/01/26 13:01:02 main.go:66: Error consuming message: Operation not allowed on closed client
2025/01/26 13:01:02 main.go:66: Error consuming message: Operation not allowed on closed client
2025/01/26 13:01:02 main.go:66: Error consuming message: Operation not allowed on closed client
2025/01/26 13:01:02 main.go:66: Error consuming message: Operation not allowed on closed client
2025/01/26 13:01:02 main.go:66: Error consuming message: Operation not allowed on closed client
2025/01/26 13:01:02 main.go:66: Error consuming message: Operation not allowed on closed client
2025/01/26 13:01:02 main.go:66: Error consuming message: Operation not allowed on closed client
2025/01/26 13:01:02 main.go:66: Error consuming message: Operation not allowed on closed client
2025/01/26 13:01:02 main.go:66: Error consuming message: Operation not allowed on closed client
2025/01/26 13:01:02 main.go:66: Error consuming message: Operation not allowed on closed client
2025/01/26 13:01:02 main.go:66: Error consuming message: Operation not allowed on closed client
2025/01/26 13:01:02 main.go:66: Error consuming message: Operation not allowed on closed client
2025/01/26 13:01:02 main.go:66: Error consuming message: Operation not allowed on closed client
2025/01/26 13:01:02 main.go:66: Error consuming message: Operation not allowed on closed client
2025/01/26 13:01:02 main.go:66: Error consuming message: Operation not allowed on closed client
2025/01/26 13:01:02 main.go:66: Error consuming message: Operation not allowed on closed client
2025/01/26 13:01:02 main.go:66: Error consuming message: Operation not allowed on closed client
2025/01/26 13:01:02 main.go:66: Error consuming message: Operation not allowed on closed client
2025/01/26 13:01:02 main.go:66: Error consuming message: Operation not allowed on closed client
2025/01/26 13:01:02 main.go:66: Error consuming message: Operation not allowed on closed client
2025/01/26 13:01:02 main.go:66: Error consuming message: Operation not allowed on closed client
2025/01/26 13:01:02 main.go:66: Error consuming message: Operation not allowed on closed client
2025/01/26 13:01:02 main.go:66: Error consuming message: Operation not allowed on closed client
2025/01/26 13:01:02 main.go:66: Error consuming message: Operation not allowed on closed client
2025/01/26 13:01:02 main.go:66: Error consuming message: Operation not allowed on closed client
2025/01/26 13:01:02 main.go:66: Error consuming message: Operation not allowed on closed client
2025/01/26 13:01:02 main.go:66: Error consuming message: Operation not allowed on closed client
2025/01/26 13:01:02 main.go:66: Error consuming message: Operation not allowed on closed client
2025/01/26 13:01:02 main.go:66: Error consuming message: Operation not allowed on closed client
2025/01/26 13:01:02 main.go:66: Error consuming message: Operation not allowed on closed client
2025/01/26 13:01:02 main.go:66: Error consuming message: Operation not allowed on closed client
2025/01/26 13:01:02 main.go:66: Error consuming message: Operation not allowed on closed client
2025/01/26 13:01:02 main.go:66: Error consuming message: Operation not allowed on closed client
2025/01/26 13:01:02 main.go:66: Error consuming message: Operation not allowed on closed client
2025/01/26 13:01:02 main.go:66: Error consuming message: Operation not allowed on closed client
2025/01/26 13:01:02 main.go:66: Error consuming message: Operation not allowed on closed client
2025/01/26 13:01:02 main.go:66: Error consuming message: Operation not allowed on closed client
2025/01/26 13:01:02 main.go:66: Error consuming message: Operation not allowed on closed client
2025/01/26 13:01:02 main.go:66: Error consuming message: Operation not allowed on closed client
2025/01/26 13:01:02 main.go:66: Error consuming message: Operation not allowed on closed client
2025/01/26 13:01:02 main.go:66: Error consuming message: Operation not allowed on closed client
2025/01/26 13:01:02 main.go:66: Error consuming message: Operation not allowed on closed client
2025/01/26 13:01:02 main.go:66: Error consuming message: Operation not allowed on closed client
2025/01/26 13:01:02 main.go:66: Error consuming message: Operation not allowed on closed client
2025/01/26 13:01:02 main.go:66: Error consuming message: Operation not allowed on closed client
2025/01/26 13:01:02 main.go:66: Error consuming message: Operation not allowed on closed client
2025/01/26 13:01:02 main.go:66: Error consuming message: Operation not allowed on closed client
2025/01/26 13:01:02 main.go:66: Error consuming message: Operation not allowed on closed client
2025/01/26 13:01:02 main.go:66: Error consuming message: Operation not allowed on closed client
2025/01/26 13:01:02 main.go:66: Error consuming message: Operation not allowed on closed client
2025/01/26 13:01:02 main.go:66: Error consuming message: Operation not allowed on closed client
2025/01/26 13:01:02 main.go:66: Error consuming message: Operation not allowed on closed client
2025/01/26 13:01:02 main.go:66: Error consuming message: Operation not allowed on closed client
2025/01/26 13:01:02 main.go:66: Error consuming message: Operation not allowed on closed client
2025/01/26 13:01:02 main.go:66: Error consuming message: Operation not allowed on closed client
2025/01/26 13:01:02 main.go:66: Error consuming message: Operation not allowed on closed client
2025/01/26 13:01:02 main.go:66: Error consuming message: Operation not allowed on closed client
2025/01/26 13:01:02 main.go:66: Error consuming message: Operation not allowed on closed client
2025/01/26 13:01:02 main.go:66: Error consuming message: Operation not allowed on closed client
2025/01/26 13:01:02 main.go:66: Error consuming message: Operation not allowed on closed client
2025/01/26 13:01:02 main.go:66: Error consuming message: Operation not allowed on closed client
2025/01/26 13:01:02 main.go:66: Error consuming message: Operation not allowed on closed client
2025/01/26 13:01:02 main.go:66: Error consuming message: Operation not allowed on closed client
2025/01/26 13:01:02 main.go:66: Error consuming message: Operation not allowed on closed client
2025/01/26 13:01:02 main.go:66: Error consuming message: Operation not allowed on closed client
2025/01/26 13:01:02 main.go:66: Error consuming message: Operation not allowed on closed client
2025/01/26 13:01:02 main.go:66: Error consuming message: Operation not allowed on closed client
2025/01/26 13:01:02 main.go:66: Error consuming message: Operation not allowed on closed client
2025/01/26 13:01:02 main.go:66: Error consuming message: Operation not allowed on closed client
2025/01/26 13:01:02 main.go:66: Error consuming message: Operation not allowed on closed client
2025/01/26 13:01:02 main.go:66: Error consuming message: Operation not allowed on closed client
2025/01/26 13:01:02 main.go:66: Error consuming message: Operation not allowed on closed client
2025/01/26 13:01:02 main.go:66: Error consuming message: Operation not allowed on closed client
2025/01/26 13:01:02 main.go:66: Error consuming message: Operation not allowed on closed client
2025/01/26 13:01:02 main.go:66: Error consuming message: Operation not allowed on closed client
2025/01/26 13:01:02 main.go:66: Error consuming message: Operation not allowed on closed client
2025/01/26 13:01:02 main.go:66: Error consuming message: Operation not allowed on closed client
2025/01/26 13:01:02 main.go:66: Error consuming message: Operation not allowed on closed client
2025/01/26 13:01:02 main.go:66: Error consuming message: Operation not allowed on closed client
2025/01/26 13:01:02 main.go:66: Error consuming message: Operation not allowed on closed client
2025/01/26 13:01:02 main.go:66: Error consuming message: Operation not allowed on closed client
2025/01/26 13:01:02 main.go:66: Error consuming message: Operation not allowed on closed client
2025/01/26 13:01:02 main.go:66: Error consuming message: Operation not allowed on closed client
2025/01/26 13:01:02 main.go:66: Error consuming message: Operation not allowed on closed client
2025/01/26 13:01:02 main.go:66: Error consuming message: Operation not allowed on closed client
2025/01/26 13:01:02 main.go:66: Error consuming message: Operation not allowed on closed client
2025/01/26 13:01:02 main.go:66: Error consuming message: Operation not allowed on closed client
2025/01/26 13:01:02 main.go:66: Error consuming message: Operation not allowed on closed client
2025/01/26 13:01:02 main.go:66: Error consuming message: Operation not allowed on closed client
2025/01/26 13:01:02 main.go:66: Error consuming message: Operation not allowed on closed client
2025/01/26 13:01:02 main.go:66: Error consuming message: Operation not allowed on closed client
2025/01/26 13:01:02 main.go:66: Error consuming message: Operation not allowed on closed client
2025/01/26 13:01:02 main.go:66: Error consuming message: Operation not allowed on closed client
2025/01/26 13:01:02 main.go:66: Error consuming message: Operation not allowed on closed client
2025/01/26 13:01:02 main.go:66: Error consuming message: Operation not allowed on closed client
2025/01/26 13:01:02 main.go:66: Error consuming message: Operation not allowed on closed client
2025/01/26 13:01:02 main.go:66: Error consuming message: Operation not allowed on closed client
2025/01/26 13:01:02 main.go:66: Error consuming message: Operation not allowed on closed client
2025/01/26 13:01:02 main.go:66: Error consuming message: Operation not allowed on closed client
2025/01/26 13:01:02 main.go:66: Error consuming message: Operation not allowed on closed client
2025/01/26 13:01:02 main.go:66: Error consuming message: Operation not allowed on closed client
2025/01/26 13:01:02 main.go:66: Error consuming message: Operation not allowed on closed client
2025/01/26 13:01:02 main.go:66: Error consuming message: Operation not allowed on closed client
2025/01/26 13:01:02 main.go:66: Error consuming message: Operation not allowed on closed client
2025/01/26 13:01:02 main.go:66: Error consuming message: Operation not allowed on closed client
2025/01/26 13:01:02 main.go:66: Error consuming message: Operation not allowed on closed client
2025/01/26 13:01:02 main.go:66: Error consuming message: Operation not allowed on closed client
2025/01/26 13:01:02 main.go:66: Error consuming message: Operation not allowed on closed client
2025/01/26 13:01:02 main.go:66: Error consuming message: Operation not allowed on closed client
2025/01/26 13:01:02 main.go:66: Error consuming message: Operation not allowed on closed client
2025/01/26 13:01:02 main.go:66: Error consuming message: Operation not allowed on closed client
2025/01/26 13:01:02 main.go:66: Error consuming message: Operation not allowed on closed client
2025/01/26 13:01:02 main.go:66: Error consuming message: Operation not allowed on closed client
2025/01/26 13:01:02 main.go:66: Error consuming message: Operation not allowed on closed client
2025/01/26 13:01:02 main.go:66: Error consuming message: Operation not allowed on closed client
2025/01/26 13:01:02 main.go:66: Error consuming message: Operation not allowed on closed client
2025/01/26 13:01:02 main.go:66: Error consuming message: Operation not allowed on closed client
2025/01/26 13:01:02 main.go:66: Error consuming message: Operation not allowed on closed client
2025/01/26 13:01:02 main.go:66: Error consuming message: Operation not allowed on closed client
2025/01/26 13:01:02 main.go:66: Error consuming message: Operation not allowed on closed client
2025/01/26 13:01:02 main.go:66: Error consuming message: Operation not allowed on closed client
2025/01/26 13:01:02 main.go:66: Error consuming message: Operation not allowed on closed client
2025/01/26 13:01:02 main.go:66: Error consuming message: Operation not allowed on closed client
2025/01/26 13:01:02 main.go:66: Error consuming message: Operation not allowed on closed client
2025/01/26 13:01:02 main.go:66: Error consuming message: Operation not allowed on closed client
2025/01/26 13:01:02 main.go:66: Error consuming message: Operation not allowed on closed client
2025/01/26 13:01:02 main.go:66: Error consuming message: Operation not allowed on closed client
2025/01/26 13:01:02 main.go:66: Error consuming message: Operation not allowed on closed client
2025/01/26 13:01:02 main.go:66: Error consuming message: Operation not allowed on closed client
2025/01/26 13:01:02 main.go:66: Error consuming message: Operation not allowed on closed client
2025/01/26 13:01:02 main.go:66: Error consuming message: Operation not allowed on closed client
2025/01/26 13:01:02 main.go:66: Error consuming message: Operation not allowed on closed client
2025/01/26 13:01:02 main.go:66: Error consuming message: Operation not allowed on closed client
2025/01/26 13:01:02 main.go:66: Error consuming message: Operation not allowed on closed client
2025/01/26 13:01:02 main.go:66: Error consuming message: Operation not allowed on closed client
2025/01/26 13:01:02 main.go:66: Error consuming message: Operation not allowed on closed client
2025/01/26 13:01:02 main.go:66: Error consuming message: Operation not allowed on closed client
2025/01/26 13:01:02 main.go:66: Error consuming message: Operation not allowed on closed client
2025/01/26 13:01:02 main.go:66: Error consuming message: Operation not allowed on closed client
2025/01/26 13:01:02 main.go:66: Error consuming message: Operation not allowed on closed client
2025/01/26 13:01:02 main.go:66: Error consuming message: Operation not allowed on closed client
2025/01/26 13:01:02 main.go:66: Error consuming message: Operation not allowed on closed client
2025/01/26 13:01:02 main.go:66: Error consuming message: Operation not allowed on closed client
2025/01/26 13:01:02 main.go:66: Error consuming message: Operation not allowed on closed client
2025/01/26 13:01:02 main.go:66: Error consuming message: Operation not allowed on closed client
2025/01/26 13:01:02 main.go:66: Error consuming message: Operation not allowed on closed client
2025/01/26 13:01:02 main.go:66: Error consuming message: Operation not allowed on closed client
2025/01/26 13:01:02 main.go:66: Error consuming message: Operation not allowed on closed client
2025/01/26 13:01:02 main.go:66: Error consuming message: Operation not allowed on closed client
2025/01/26 13:01:02 main.go:66: Error consuming message: Operation not allowed on closed client
2025/01/26 13:01:02 main.go:66: Error consuming message: Operation not allowed on closed client
2025/01/26 13:01:02 main.go:66: Error consuming message: Operation not allowed on closed client
2025/01/26 13:01:02 main.go:66: Error consuming message: Operation not allowed on closed client
2025/01/26 13:01:02 main.go:66: Error consuming message: Operation not allowed on closed client
2025/01/26 13:01:02 main.go:66: Error consuming message: Operation not allowed on closed client
2025/01/26 13:01:02 main.go:66: Error consuming message: Operation not allowed on closed client
2025/01/26 13:01:02 main.go:66: Error consuming message: Operation not allowed on closed client
2025/01/26 13:01:02 main.go:66: Error consuming message: Operation not allowed on closed client
2025/01/26 13:01:02 main.go:66: Error consuming message: Operation not allowed on closed client
2025/01/26 13:01:02 main.go:66: Error consuming message: Operation not allowed on closed client
2025/01/26 13:01:02 main.go:66: Error consuming message: Operation not allowed on closed client
2025/01/26 13:02:22 logger.go:37: [INFO] Connecting to Kafka Cluster with the following details:
2025/01/26 13:02:22 logger.go:37: [INFO]   Bootstrap Servers: pkc-12576z.us-west2.gcp.confluent.cloud:9092
2025/01/26 13:02:22 logger.go:37: [INFO]   SASL Username: S55GEJ2ZEI3UPWCR
2025/01/26 13:02:22 logger.go:37: [INFO]   SASL Mechanism: PLAIN
2025/01/26 13:02:22 logger.go:37: [INFO]   Security Protocol: SASL_SSL
2025/01/26 13:02:22 logger.go:37: [INFO]   Consumer Group ID: navi-ears-cg
2025/01/26 13:02:22 logger.go:37: [INFO]   Offset Reset: earliest
2025/01/26 13:02:22 logger.go:37: [INFO] Kafka consumer created successfully
2025/01/26 13:02:22 main.go:37: Subscribed to Kafka topic: navi-dev-topic
2025/01/26 13:02:52 main.go:53: Shutdown timeout reached. Forcefully shutting down...
2025/01/26 13:02:52 main.go:57: Consumer shutdown completed.
2025/01/26 13:03:42 logger.go:37: [INFO] Connecting to Kafka Cluster with the following details:
2025/01/26 13:03:42 logger.go:37: [INFO]   Bootstrap Servers: pkc-12576z.us-west2.gcp.confluent.cloud:9092
2025/01/26 13:03:42 logger.go:37: [INFO]   SASL Username: S55GEJ2ZEI3UPWCR
2025/01/26 13:03:42 logger.go:37: [INFO]   SASL Mechanism: PLAIN
2025/01/26 13:03:42 logger.go:37: [INFO]   Security Protocol: SASL_SSL
2025/01/26 13:03:42 logger.go:37: [INFO]   Consumer Group ID: navi-ears-cg
2025/01/26 13:03:42 logger.go:37: [INFO]   Offset Reset: earliest
2025/01/26 13:03:42 logger.go:37: [INFO] Kafka consumer created successfully
2025/01/26 13:03:42 main.go:37: Subscribed to Kafka topic: navi-dev-topic
2025/01/26 13:04:12 main.go:53: Shutdown timeout reached. Forcefully shutting down...
2025/01/26 13:04:12 main.go:57: Consumer shutdown completed.
2025/01/26 13:04:17 logger.go:37: [INFO] Connecting to Kafka Cluster with the following details:
2025/01/26 13:04:17 logger.go:37: [INFO]   Bootstrap Servers: pkc-12576z.us-west2.gcp.confluent.cloud:9092
2025/01/26 13:04:17 logger.go:37: [INFO]   SASL Username: S55GEJ2ZEI3UPWCR
2025/01/26 13:04:17 logger.go:37: [INFO]   SASL Mechanism: PLAIN
2025/01/26 13:04:17 logger.go:37: [INFO]   Security Protocol: SASL_SSL
2025/01/26 13:04:17 logger.go:37: [INFO]   Consumer Group ID: navi-ears-cg
2025/01/26 13:04:17 logger.go:37: [INFO]   Offset Reset: earliest
2025/01/26 13:04:17 logger.go:37: [INFO] Kafka consumer created successfully
2025/01/26 13:04:17 main.go:37: Subscribed to Kafka topic: navi-dev-topic
2025/01/26 13:04:47 main.go:53: Shutdown timeout reached. Forcefully shutting down...
2025/01/26 13:04:47 main.go:57: Consumer shutdown completed.
2025/01/26 13:11:08 logger.go:37: [INFO] Connecting to Kafka Cluster with the following details:
2025/01/26 13:11:08 logger.go:37: [INFO]   Bootstrap Servers: pkc-12576z.us-west2.gcp.confluent.cloud:9092
2025/01/26 13:11:08 logger.go:37: [INFO]   SASL Username: S55GEJ2ZEI3UPWCR
2025/01/26 13:11:08 logger.go:37: [INFO]   SASL Mechanism: PLAIN
2025/01/26 13:11:08 logger.go:37: [INFO]   Security Protocol: SASL_SSL
2025/01/26 13:11:08 logger.go:37: [INFO]   Consumer Group ID: navi-ears-cg
2025/01/26 13:11:08 logger.go:37: [INFO]   Offset Reset: earliest
2025/01/26 13:11:08 logger.go:37: [INFO] Kafka consumer created successfully
2025/01/26 13:11:08 main.go:37: Subscribed to Kafka topic: navi-dev-topic
2025/01/26 13:11:09 main.go:71: Consumed message: {"id":42,"text":"assa","sender":"User1"}
2025/01/26 13:11:24 main.go:71: Consumed message: {"id":43,"text":"sadas","sender":"User1"}
2025/01/26 13:11:27 main.go:71: Consumed message: {"id":44,"text":"xx","sender":"User1"}
2025/01/26 13:11:29 main.go:71: Consumed message: {"id":45,"text":"trrey","sender":"User1"}
2025/01/26 13:11:33 main.go:51: Received shutdown signal. Shutting down gracefully...
2025/01/26 13:11:33 main.go:57: Consumer shutdown completed.
